<?xml version="1.0" encoding="UTF-8"?>
<!-- Generated by org.testng.reporters.JUnitXMLReporter -->
<testsuite ignored="0" hostname="Udayas-MacBook-Air.local" failures="1" tests="1" name="Surefire test" time="6.583" errors="0" timestamp="2023-08-19T17:30:07 IST">
  <testcase classname="io.cucumber.testng.AbstractTestNGCucumberTests" name="runScenario" time="6.3">
    <failure type="java.lang.AssertionError" message=" Book is not added expected [201] but found [401]">
      <![CDATA[java.lang.AssertionError:  Book is not added expected [201] but found [401]
at stepDefinitions.BookStore_InstanceMethods_E2E.the_book_is_added_book_library(BookStore_InstanceMethods_E2E.java:59)
at ✽.the book is added book Library(file:///Users/udayabhaskar/Documents/eclipseWorkspace/BookStore_API_Learning/src/test/resources/bookStore/features/BookStore_UsingInstanceMethods_E2E.feature:9)
... Removed 6 stack frames]]>
    </failure>
  </testcase> <!-- runScenario -->
</testsuite> <!-- Surefire test -->
