<?xml version="1.0" encoding="UTF-8"?>
<testng-results ignored="0" total="1" passed="1" failed="0" skipped="0">
  <reporter-output>
  </reporter-output>
  <suite started-at="2023-08-20T17:39:03 IST" name="Surefire suite" finished-at="2023-08-20T17:39:12 IST" duration-ms="8304">
    <groups>
      <group name="cucumber">
        <method signature="AbstractTestNGCucumberTests.runScenario(io.cucumber.testng.PickleWrapper,io.cucumber.testng.FeatureWrapper)[pri:0, instance:runners.TestNGRunner@5acf93bb]" name="runScenario" class="io.cucumber.testng.AbstractTestNGCucumberTests"/>
      </group> <!-- cucumber -->
    </groups>
    <test started-at="2023-08-20T17:39:03 IST" name="Surefire test" finished-at="2023-08-20T17:39:12 IST" duration-ms="8304">
      <class name="runners.TestNGRunner">
        <test-method is-config="true" signature="setUpClass(org.testng.ITestContext)[pri:0, instance:runners.TestNGRunner@5acf93bb]" started-at="2023-08-20T17:39:03 IST" name="setUpClass" finished-at="2023-08-20T17:39:04 IST" duration-ms="227" status="PASS">
          <params>
            <param index="0">
              <value>
                <![CDATA[org.testng.TestRunner@1377b1a0]]>
              </value>
            </param>
          </params>
          <reporter-output>
          </reporter-output>
        </test-method> <!-- setUpClass -->
        <test-method signature="runScenario(io.cucumber.testng.PickleWrapper,io.cucumber.testng.FeatureWrapper)[pri:0, instance:runners.TestNGRunner@5acf93bb]" started-at="2023-08-20T17:39:04 IST" name="runScenario" description="Runs Cucumber Scenarios" data-provider="scenarios" finished-at="2023-08-20T17:39:12 IST" duration-ms="8017" status="PASS">
          <params>
            <param index="0">
              <value>
                <![CDATA["An Authorized user can Add and Remove to his collection"]]>
              </value>
            </param>
            <param index="1">
              <value>
                <![CDATA["Cucumber E2E BookStore API functionality"]]>
              </value>
            </param>
          </params>
          <reporter-output>
          </reporter-output>
        </test-method> <!-- runScenario -->
        <test-method is-config="true" signature="tearDownClass()[pri:0, instance:runners.TestNGRunner@5acf93bb]" started-at="2023-08-20T17:39:12 IST" name="tearDownClass" finished-at="2023-08-20T17:39:12 IST" duration-ms="42" status="PASS">
          <reporter-output>
          </reporter-output>
        </test-method> <!-- tearDownClass -->
      </class> <!-- runners.TestNGRunner -->
    </test> <!-- Surefire test -->
  </suite> <!-- Surefire suite -->
</testng-results>
