<?xml version="1.0" encoding="UTF-8"?>
<testsuite xmlns:xsi="http://www.w3.org/2001/XMLSchema-instance" xsi:noNamespaceSchemaLocation="https://maven.apache.org/surefire/maven-surefire-plugin/xsd/surefire-test-report.xsd" name="runners.TestNGRunner" time="11.775" tests="1" errors="0" skipped="0" failures="1">
  <properties>
[...]
</properties>
  <testcase name="runScenario" classname="runners.TestNGRunner" time="6.304">
    <failure message=" Book is not added expected [201] but found [401]" type="java.lang.AssertionError">java.lang.AssertionError:  Book is not added expected [201] but found [401]
</failure>
    <system-out><![CDATA[
Scenario: The authorized user adding books and deleting from his collection # src/test/resources/bookStore/features/BookStore_UsingInstanceMethods_E2E.feature:6
Request set : io.restassured.internal.AuthenticationSpecificationImpl@73d62b5
  Given user gives username and password and generates a token              # stepDefinitions.BookStore_InstanceMethods_E2E.user_gives_username_and_password_and_generates_a_token()
  Given A collectionList of books                                           # stepDefinitions.BookStore_InstanceMethods_E2E.a_collection_list_of_books()
  When authUser adds a book                                                 # stepDefinitions.BookStore_InstanceMethods_E2E.auth_user_adds_a_book()
  Then the book is added book Library                                       # stepDefinitions.BookStore_InstanceMethods_E2E.the_book_is_added_book_library()
      java.lang.AssertionError:  Book is not added expected [201] but found [401]
	at org.testng.Assert.fail(Assert.java:110)
	at org.testng.Assert.failNotEquals(Assert.java:1577)
	at org.testng.Assert.assertEqualsImpl(Assert.java:149)
	at org.testng.Assert.assertEquals(Assert.java:131)
	at org.testng.Assert.assertEquals(Assert.java:1418)
	at org.testng.Assert.assertEquals(Assert.java:1382)
	at stepDefinitions.BookStore_InstanceMethods_E2E.the_book_is_added_book_library(BookStore_InstanceMethods_E2E.java:59)
	at ✽.the book is added book Library(file:///Users/udayabhaskar/Documents/eclipseWorkspace/BookStore_API_Learning/src/test/resources/bookStore/features/BookStore_UsingInstanceMethods_E2E.feature:9)

  When the auth user removes the book                                       # stepDefinitions.BookStore_InstanceMethods_E2E.the_auth_user_removes_the_book()
  Then the book is removed from library                                     # stepDefinitions.BookStore_InstanceMethods_E2E.the_book_is_removed_from_library()
]]></system-out>
    <system-err><![CDATA[SLF4J: Failed to load class "org.slf4j.impl.StaticLoggerBinder".
SLF4J: Defaulting to no-operation (NOP) logger implementation
SLF4J: See http://www.slf4j.org/codes.html#StaticLoggerBinder for further details.
]]></system-err>
  </testcase>
</testsuite>