<?xml version="1.0" encoding="UTF-8"?>
<testng-results ignored="0" total="1" passed="0" failed="1" skipped="0">
  <reporter-output>
  </reporter-output>
  <suite started-at="2023-08-19T17:56:08 IST" name="Default suite" finished-at="2023-08-19T17:56:15 IST" duration-ms="7143">
    <groups>
      <group name="cucumber">
        <method signature="AbstractTestNGCucumberTests.runScenario(io.cucumber.testng.PickleWrapper,io.cucumber.testng.FeatureWrapper)[pri:0, instance:runners.TestNGRunner@14dd7b39]" name="runScenario" class="io.cucumber.testng.AbstractTestNGCucumberTests"/>
      </group> <!-- cucumber -->
    </groups>
    <test started-at="2023-08-19T17:56:08 IST" name="Default test" finished-at="2023-08-19T17:56:15 IST" duration-ms="7143">
      <class name="runners.TestNGRunner">
        <test-method is-config="true" signature="setUpClass(org.testng.ITestContext)[pri:0, instance:runners.TestNGRunner@14dd7b39]" started-at="2023-08-19T17:56:08 IST" name="setUpClass" finished-at="2023-08-19T17:56:08 IST" duration-ms="217" status="PASS">
          <params>
            <param index="0">
              <value>
                <![CDATA[org.testng.TestRunner@994544]]>
              </value>
            </param>
          </params>
          <reporter-output>
          </reporter-output>
        </test-method> <!-- setUpClass -->
        <test-method signature="runScenario(io.cucumber.testng.PickleWrapper,io.cucumber.testng.FeatureWrapper)[pri:0, instance:runners.TestNGRunner@14dd7b39]" started-at="2023-08-19T17:56:08 IST" name="runScenario" description="Runs Cucumber Scenarios" data-provider="scenarios" finished-at="2023-08-19T17:56:15 IST" duration-ms="6869" status="FAIL">
          <params>
            <param index="0">
              <value>
                <![CDATA["The authorized user adding books and deleting from his collection"]]>
              </value>
            </param>
            <param index="1">
              <value>
                <![CDATA["Test using the instance methods"]]>
              </value>
            </param>
          </params>
          <exception class="java.lang.AssertionError">
            <message>
              <![CDATA[ Book is not added expected [201] but found [401]]]>
            </message>
            <full-stacktrace>
              <![CDATA[java.lang.AssertionError:  Book is not added expected [201] but found [401]
at org.testng.Assert.fail(Assert.java:110)
at org.testng.Assert.failNotEquals(Assert.java:1577)
at org.testng.Assert.assertEqualsImpl(Assert.java:149)
at org.testng.Assert.assertEquals(Assert.java:131)
at org.testng.Assert.assertEquals(Assert.java:1418)
at org.testng.Assert.assertEquals(Assert.java:1382)
at stepDefinitions.BookStore_InstanceMethods_E2E.the_book_is_added_book_library(BookStore_InstanceMethods_E2E.java:59)
at ✽.the book is added book Library(file:///Users/udayabhaskar/Documents/eclipseWorkspace/BookStore_API_Learning/src/test/resources/bookStore/features/BookStore_UsingInstanceMethods_E2E.feature:9)
]]>
            </full-stacktrace>
          </exception> <!-- java.lang.AssertionError -->
          <reporter-output>
          </reporter-output>
        </test-method> <!-- runScenario -->
        <test-method is-config="true" signature="tearDownClass()[pri:0, instance:runners.TestNGRunner@14dd7b39]" started-at="2023-08-19T17:56:15 IST" name="tearDownClass" finished-at="2023-08-19T17:56:15 IST" duration-ms="41" status="PASS">
          <reporter-output>
          </reporter-output>
        </test-method> <!-- tearDownClass -->
      </class> <!-- runners.TestNGRunner -->
    </test> <!-- Default test -->
  </suite> <!-- Default suite -->
</testng-results>
