<?xml version="1.0" encoding="UTF-8"?>
<!-- Generated by org.testng.reporters.JUnitReportReporter -->
<testsuite hostname="Udayas-MacBook-Air.local" failures="1" tests="1" name="runners.TestNGRunner" time="6.869" errors="0" timestamp="2023-08-19T17:56:20 IST" skipped="0">
  <testcase classname="runners.TestNGRunner" name="runScenario" time="6.869">
    <failure message=" Book is not added expected [201] but found [401]" type="java.lang.AssertionError">
      <![CDATA[java.lang.AssertionError:  Book is not added expected [201] but found [401]
at org.testng.Assert.fail(Assert.java:110)
at org.testng.Assert.failNotEquals(Assert.java:1577)
at org.testng.Assert.assertEqualsImpl(Assert.java:149)
at org.testng.Assert.assertEquals(Assert.java:131)
at org.testng.Assert.assertEquals(Assert.java:1418)
at org.testng.Assert.assertEquals(Assert.java:1382)
at stepDefinitions.BookStore_InstanceMethods_E2E.the_book_is_added_book_library(BookStore_InstanceMethods_E2E.java:59)
at ✽.the book is added book Library(file:///Users/udayabhaskar/Documents/eclipseWorkspace/BookStore_API_Learning/src/test/resources/bookStore/features/BookStore_UsingInstanceMethods_E2E.feature:9)
]]>
    </failure>
  </testcase> <!-- runScenario -->
  <system-out/>
</testsuite> <!-- runners.TestNGRunner -->
